<?xml version="1.0" encoding="UTF-8"?>
<testsuite name="ComputerRepairRequestTest" tests="2" skipped="0" failures="0" errors="0" timestamp="2025-03-03T08:57:02" hostname="DARIUS" time="0.029">
  <properties/>
  <testcase name="Test Exemplu" classname="ComputerRepairRequestTest" time="0.022"/>
  <testcase name="First Test" classname="ComputerRepairRequestTest" time="0.005"/>
  <system-out><![CDATA[]]></system-out>
  <system-err><![CDATA[]]></system-err>
</testsuite>
